[debug] [2017-09-14T17:47:46.981Z] ----------------------------------------------------------------------
[debug] [2017-09-14T17:47:46.983Z] Command:       /Users/bryce/.nvm/versions/node/v6.11.0/bin/node /Users/bryce/.nvm/versions/node/v6.11.0/bin/firebase deploy
[debug] [2017-09-14T17:47:46.983Z] CLI Version:   3.10.1
[debug] [2017-09-14T17:47:46.983Z] Platform:      darwin
[debug] [2017-09-14T17:47:46.983Z] Node Version:  v6.11.0
[debug] [2017-09-14T17:47:46.984Z] Time:          Thu Sep 14 2017 13:47:46 GMT-0400 (EDT)
[debug] [2017-09-14T17:47:46.984Z] ----------------------------------------------------------------------
[debug] 
[debug] [2017-09-14T17:47:46.995Z] > command requires scopes: ["email","openid","https://www.googleapis.com/auth/cloudplatformprojects.readonly","https://www.googleapis.com/auth/firebase","https://www.googleapis.com/auth/cloud-platform"]
[debug] [2017-09-14T17:47:46.995Z] > authorizing via signed-in user
[debug] [2017-09-14T17:47:46.998Z] >>> HTTP REQUEST GET https://admin.firebase.com/v1/projects/gaymerbears-52f4d  
 Thu Sep 14 2017 13:47:46 GMT-0400 (EDT)
[debug] [2017-09-14T17:47:47.499Z] <<< HTTP RESPONSE 200
[debug] [2017-09-14T17:47:47.500Z] >>> HTTP REQUEST GET https://admin.firebase.com/v1/database/gaymerbears-52f4d/tokens  
 Thu Sep 14 2017 13:47:47 GMT-0400 (EDT)
[debug] [2017-09-14T17:47:48.026Z] <<< HTTP RESPONSE 200
[info] 
[info] === Deploying to 'gaymerbears-52f4d'...
[info] 
[info] i  deploying database, functions, hosting
[info] ✔  database: rules ready to deploy.
[debug] [2017-09-14T17:47:48.504Z] > [functions] package.json contents: {
  "name": "functions",
  "description": "Cloud Functions for Firebase",
  "dependencies": {
    "firebase-admin": "~4.2.1",
    "firebase-functions": "^0.5.7"
  },
  "private": true
}
[info] i  functions: ensuring necessary APIs are enabled...
[info] i  runtimeconfig: ensuring necessary APIs are enabled...
[debug] [2017-09-14T17:47:48.506Z] >>> HTTP REQUEST GET https://servicemanagement.googleapis.com/v1/services/cloudfunctions.googleapis.com/projectSettings/gaymerbears-52f4d?view=CONSUMER_VIEW  
 Thu Sep 14 2017 13:47:48 GMT-0400 (EDT)
[debug] [2017-09-14T17:47:48.506Z] >>> HTTP REQUEST GET https://servicemanagement.googleapis.com/v1/services/runtimeconfig.googleapis.com/projectSettings/gaymerbears-52f4d?view=CONSUMER_VIEW  
 Thu Sep 14 2017 13:47:48 GMT-0400 (EDT)
[debug] [2017-09-14T17:47:49.161Z] <<< HTTP RESPONSE 200
[info] ✔  functions: all necessary APIs are enabled
[debug] [2017-09-14T17:47:49.217Z] <<< HTTP RESPONSE 200
[info] ✔  runtimeconfig: all necessary APIs are enabled
[debug] [2017-09-14T17:47:49.218Z] >>> HTTP REQUEST GET https://appengine.googleapis.com/v1/apps/gaymerbears-52f4d  
 Thu Sep 14 2017 13:47:49 GMT-0400 (EDT)
[debug] [2017-09-14T17:47:49.218Z] >>> HTTP REQUEST GET https://apikeys.googleapis.com/v1/projects/gaymerbears-52f4d/apiKeys  
 Thu Sep 14 2017 13:47:49 GMT-0400 (EDT)
[debug] [2017-09-14T17:47:49.491Z] <<< HTTP RESPONSE 200
[debug] [2017-09-14T17:47:49.542Z] <<< HTTP RESPONSE 200
[info] i  functions: preparing functions directory for uploading...
[debug] [2017-09-14T17:47:50.306Z] >>> HTTP REQUEST GET https://runtimeconfig.googleapis.com/v1beta1/projects/gaymerbears-52f4d/configs  
 Thu Sep 14 2017 13:47:50 GMT-0400 (EDT)
[debug] [2017-09-14T17:47:50.626Z] <<< HTTP RESPONSE 200
[info] i  hosting: preparing build directory for upload...
[debug] [2017-09-14T17:47:50.929Z] >>> HTTP REQUEST PUT https://deploy.firebase.com/v1/hosting/gaymerbears-52f4d/uploads/-Ku0VFDM-toKnaA0ml-i?fileCount=8&message=  
 Thu Sep 14 2017 13:47:50 GMT-0400 (EDT)
[debug] [2017-09-14T17:47:51.724Z] <<< HTTP RESPONSE 200
[debug] [2017-09-14T17:47:51.724Z] [hosting] .tgz uploaded successfully, waiting for extraction
[info] ✔  hosting: 8 files uploaded successfully
[info] i  starting release process (may take several minutes)...
[debug] [2017-09-14T17:48:00.523Z] >>> HTTP REQUEST GET https://cloudfunctions.googleapis.com/v1beta2/projects/gaymerbears-52f4d/locations/us-central1/functions  
 Thu Sep 14 2017 13:48:00 GMT-0400 (EDT)
[debug] [2017-09-14T17:48:00.709Z] <<< HTTP RESPONSE 200
[debug] [2017-09-14T17:48:00.713Z] >>> HTTP REQUEST GET https://cloudfunctions.googleapis.com/v1beta2/projects/gaymerbears-52f4d/locations/us-central1/functions  
 Thu Sep 14 2017 13:48:00 GMT-0400 (EDT)
[debug] [2017-09-14T17:48:01.133Z] <<< HTTP RESPONSE 200
[debug] [2017-09-14T17:48:01.135Z] >>> HTTP REQUEST POST https://deploy.firebase.com/v1/projects/gaymerbears-52f4d/releases { database: { rulesString: '{\n  "rules": {\n    "gaymers": {\n      ".read": true,\n      ".write": true\n    },\n    "games": {\n      ".read": true,\n      ".write": true\n    }\n  }\n}\n' },
  hosting: 
   { public: 'build',
     ignore: [ 'src', 'firebase.json', '**/.*', '**/node_modules/**' ],
     version: '-Ku0VFDM-toKnaA0ml-i',
     prefix: '-Ku0VFDM-toKnaA0ml-i/',
     manifest: [] } } 
 Thu Sep 14 2017 13:48:01 GMT-0400 (EDT)
